{
  "RSpec": {
    "coverage": {
      "/petgram/app/helpers/application_helper.rb": [
        1,
        null
      ],
      "/petgram/app/models/post.rb": [
        1,
        1,
        null
      ],
      "/petgram/app/models/application_record.rb": [
        1,
        1,
        null
      ],
      "/petgram/app/controllers/home_controller.rb": [
        1,
        1,
        null
      ],
      "/petgram/app/controllers/application_controller.rb": [
        1,
        1,
        null
      ],
      "/petgram/app/controllers/posts_controller.rb": [
        1,
        1,
        1,
        null,
        null,
        1,
        2,
        null,
        null,
        1,
        2,
        2,
        1,
        1,
        null,
        1,
        null,
        null,
        null,
        1,
        null,
        1,
        2,
        null,
        null
      ],
      "/petgram/app/channels/application_cable/connection.rb": [
        0,
        0,
        0,
        0
      ],
      "/petgram/app/channels/application_cable/channel.rb": [
        0,
        0,
        0,
        0
      ],
      "/petgram/app/jobs/application_job.rb": [
        0,
        0
      ],
      "/petgram/app/mailers/application_mailer.rb": [
        0,
        0,
        0,
        0
      ]
    },
    "timestamp": 1516643032
  }
}
